%!Adobe-FontList 1.22
%Locale:0x40c

%BeginFont
Handler:DirectoryHandler
FontType:Invalid
OutlineFileName:C:\var\www\domains\votre-garage-bois.fr\SOURCES\pack_maquette_VGB\Font\Noto_Sans\LICENSE.txt
FileModTime:1607454078
%EndFont

%BeginFont
Handler:DirectoryHandler
FontType:TrueType
FontName:NotoSans-Bold
FamilyName:Noto Sans
StyleName:Bold
FullName:Noto Sans Bold
MenuName:Noto Sans
StyleBits:2
WritingScript:Roman
OutlineFileName:C:\var\www\domains\votre-garage-bois.fr\SOURCES\pack_maquette_VGB\Font\Noto_Sans\NotoSans-Bold.ttf
DataFormat:sfntData
hasSVG:no
VariableFontType:NonVariableFont
FileLength:398652
FileModTime:1607454078
WeightClass:700
WidthClass:5
AngleClass:0
NameArray:0,Win,1,Noto Sans
%EndFont

%BeginFont
Handler:DirectoryHandler
FontType:TrueType
FontName:NotoSans-BoldItalic
FamilyName:Noto Sans
StyleName:Bold Italic
FullName:Noto Sans Bold Italic
MenuName:Noto Sans
StyleBits:3
WritingScript:Roman
OutlineFileName:C:\var\www\domains\votre-garage-bois.fr\SOURCES\pack_maquette_VGB\Font\Noto_Sans\NotoSans-BoldItalic.ttf
DataFormat:sfntData
hasSVG:no
VariableFontType:NonVariableFont
FileLength:285736
FileModTime:1607454078
WeightClass:700
WidthClass:5
AngleClass:1
NameArray:0,Win,1,Noto Sans
%EndFont

%BeginFont
Handler:DirectoryHandler
FontType:TrueType
FontName:NotoSans-Italic
FamilyName:Noto Sans
StyleName:Italic
FullName:Noto Sans Italic
MenuName:Noto Sans
StyleBits:1
WritingScript:Roman
OutlineFileName:C:\var\www\domains\votre-garage-bois.fr\SOURCES\pack_maquette_VGB\Font\Noto_Sans\NotoSans-Italic.ttf
DataFormat:sfntData
hasSVG:no
VariableFontType:NonVariableFont
FileLength:274624
FileModTime:1607454078
WeightClass:400
WidthClass:5
AngleClass:1
NameArray:0,Win,1,Noto Sans
%EndFont

%BeginFont
Handler:DirectoryHandler
FontType:TrueType
FontName:NotoSans
FamilyName:Noto Sans
StyleName:Regular
FullName:Noto Sans
MenuName:Noto Sans
StyleBits:0
WritingScript:Roman
OutlineFileName:C:\var\www\domains\votre-garage-bois.fr\SOURCES\pack_maquette_VGB\Font\Noto_Sans\NotoSans-Regular.ttf
DataFormat:sfntData
hasSVG:no
VariableFontType:NonVariableFont
FileLength:398968
FileModTime:1607454078
WeightClass:400
WidthClass:5
AngleClass:0
NameArray:0,Win,1,Noto Sans
%EndFont

%BeginFont
Handler:DirectoryHandler
FontType:Invalid
OutlineFileName:C:\var\www\domains\votre-garage-bois.fr\SOURCES\pack_maquette_VGB\Font\Poppins\OFL.txt
FileModTime:1607454078
%EndFont

%BeginFont
Handler:DirectoryHandler
FontType:TrueType
FontName:Poppins-Black
FamilyName:Poppins
StyleName:Black
FullName:Poppins Black
MenuName:Poppins Black
StyleBits:0
WritingScript:Roman
OutlineFileName:C:\var\www\domains\votre-garage-bois.fr\SOURCES\pack_maquette_VGB\Font\Poppins\Poppins-Black.ttf
DataFormat:sfntData
hasSVG:no
VariableFontType:NonVariableFont
FileLength:151340
FileModTime:1607454078
WeightClass:900
WidthClass:5
AngleClass:0
NameArray:0,Win,1,Poppins Black
NameArray:0,Win,16,Poppins
%EndFont

%BeginFont
Handler:DirectoryHandler
FontType:TrueType
FontName:Poppins-BlackItalic
FamilyName:Poppins
StyleName:Black Italic
FullName:Poppins Black Italic
MenuName:Poppins Black
StyleBits:1
WritingScript:Roman
OutlineFileName:C:\var\www\domains\votre-garage-bois.fr\SOURCES\pack_maquette_VGB\Font\Poppins\Poppins-BlackItalic.ttf
DataFormat:sfntData
hasSVG:no
VariableFontType:NonVariableFont
FileLength:171544
FileModTime:1607454078
WeightClass:900
WidthClass:5
AngleClass:1
NameArray:0,Win,1,Poppins Black
NameArray:0,Win,16,Poppins
%EndFont

%BeginFont
Handler:DirectoryHandler
FontType:TrueType
FontName:Poppins-Bold
FamilyName:Poppins
StyleName:Bold
FullName:Poppins Bold
MenuName:Poppins
StyleBits:2
WritingScript:Roman
OutlineFileName:C:\var\www\domains\votre-garage-bois.fr\SOURCES\pack_maquette_VGB\Font\Poppins\Poppins-Bold.ttf
DataFormat:sfntData
hasSVG:no
VariableFontType:NonVariableFont
FileLength:153900
FileModTime:1607454078
WeightClass:700
WidthClass:5
AngleClass:0
NameArray:0,Win,1,Poppins
%EndFont

%BeginFont
Handler:DirectoryHandler
FontType:TrueType
FontName:Poppins-BoldItalic
FamilyName:Poppins
StyleName:Bold Italic
FullName:Poppins Bold Italic
MenuName:Poppins
StyleBits:3
WritingScript:Roman
OutlineFileName:C:\var\www\domains\votre-garage-bois.fr\SOURCES\pack_maquette_VGB\Font\Poppins\Poppins-BoldItalic.ttf
DataFormat:sfntData
hasSVG:no
VariableFontType:NonVariableFont
FileLength:176552
FileModTime:1607454078
WeightClass:700
WidthClass:5
AngleClass:1
NameArray:0,Win,1,Poppins
%EndFont

%BeginFont
Handler:DirectoryHandler
FontType:TrueType
FontName:Poppins-ExtraBold
FamilyName:Poppins
StyleName:ExtraBold
FullName:Poppins ExtraBold
MenuName:Poppins ExtraBold
StyleBits:0
WritingScript:Roman
OutlineFileName:C:\var\www\domains\votre-garage-bois.fr\SOURCES\pack_maquette_VGB\Font\Poppins\Poppins-ExtraBold.ttf
DataFormat:sfntData
hasSVG:no
VariableFontType:NonVariableFont
FileLength:152712
FileModTime:1607454078
WeightClass:800
WidthClass:5
AngleClass:0
NameArray:0,Win,1,Poppins ExtraBold
NameArray:0,Win,16,Poppins
%EndFont

%BeginFont
Handler:DirectoryHandler
FontType:TrueType
FontName:Poppins-ExtraBoldItalic
FamilyName:Poppins
StyleName:ExtraBold Italic
FullName:Poppins ExtraBold Italic
MenuName:Poppins ExtraBold
StyleBits:1
WritingScript:Roman
OutlineFileName:C:\var\www\domains\votre-garage-bois.fr\SOURCES\pack_maquette_VGB\Font\Poppins\Poppins-ExtraBoldItalic.ttf
DataFormat:sfntData
hasSVG:no
VariableFontType:NonVariableFont
FileLength:173868
FileModTime:1607454078
WeightClass:800
WidthClass:5
AngleClass:1
NameArray:0,Win,1,Poppins ExtraBold
NameArray:0,Win,16,Poppins
%EndFont

%BeginFont
Handler:DirectoryHandler
FontType:TrueType
FontName:Poppins-ExtraLight
FamilyName:Poppins
StyleName:ExtraLight
FullName:Poppins ExtraLight
MenuName:Poppins ExtraLight
StyleBits:0
WritingScript:Roman
OutlineFileName:C:\var\www\domains\votre-garage-bois.fr\SOURCES\pack_maquette_VGB\Font\Poppins\Poppins-ExtraLight.ttf
DataFormat:sfntData
hasSVG:no
VariableFontType:NonVariableFont
FileLength:161404
FileModTime:1607454078
WeightClass:275
WidthClass:5
AngleClass:0
NameArray:0,Win,1,Poppins ExtraLight
NameArray:0,Win,16,Poppins
%EndFont

%BeginFont
Handler:DirectoryHandler
FontType:TrueType
FontName:Poppins-ExtraLightItalic
FamilyName:Poppins
StyleName:ExtraLight Italic
FullName:Poppins ExtraLight Italic
MenuName:Poppins ExtraLight
StyleBits:1
WritingScript:Roman
OutlineFileName:C:\var\www\domains\votre-garage-bois.fr\SOURCES\pack_maquette_VGB\Font\Poppins\Poppins-ExtraLightItalic.ttf
DataFormat:sfntData
hasSVG:no
VariableFontType:NonVariableFont
FileLength:186124
FileModTime:1607454078
WeightClass:275
WidthClass:5
AngleClass:1
NameArray:0,Win,1,Poppins ExtraLight
NameArray:0,Win,16,Poppins
%EndFont

%BeginFont
Handler:DirectoryHandler
FontType:TrueType
FontName:Poppins-Italic
FamilyName:Poppins
StyleName:Italic
FullName:Poppins Italic
MenuName:Poppins
StyleBits:1
WritingScript:Roman
OutlineFileName:C:\var\www\domains\votre-garage-bois.fr\SOURCES\pack_maquette_VGB\Font\Poppins\Poppins-Italic.ttf
DataFormat:sfntData
hasSVG:no
VariableFontType:NonVariableFont
FileLength:181972
FileModTime:1607454079
WeightClass:400
WidthClass:5
AngleClass:1
NameArray:0,Win,1,Poppins
%EndFont

%BeginFont
Handler:DirectoryHandler
FontType:TrueType
FontName:Poppins-Light
FamilyName:Poppins
StyleName:Light
FullName:Poppins Light
MenuName:Poppins Light
StyleBits:0
WritingScript:Roman
OutlineFileName:C:\var\www\domains\votre-garage-bois.fr\SOURCES\pack_maquette_VGB\Font\Poppins\Poppins-Light.ttf
DataFormat:sfntData
hasSVG:no
VariableFontType:NonVariableFont
FileLength:159848
FileModTime:1607454079
WeightClass:300
WidthClass:5
AngleClass:0
NameArray:0,Win,1,Poppins Light
NameArray:0,Win,16,Poppins
%EndFont

%BeginFont
Handler:DirectoryHandler
FontType:TrueType
FontName:Poppins-LightItalic
FamilyName:Poppins
StyleName:Light Italic
FullName:Poppins Light Italic
MenuName:Poppins Light
StyleBits:1
WritingScript:Roman
OutlineFileName:C:\var\www\domains\votre-garage-bois.fr\SOURCES\pack_maquette_VGB\Font\Poppins\Poppins-LightItalic.ttf
DataFormat:sfntData
hasSVG:no
VariableFontType:NonVariableFont
FileLength:184420
FileModTime:1607454079
WeightClass:300
WidthClass:5
AngleClass:1
NameArray:0,Win,1,Poppins Light
NameArray:0,Win,16,Poppins
%EndFont

%BeginFont
Handler:DirectoryHandler
FontType:TrueType
FontName:Poppins-Medium
FamilyName:Poppins
StyleName:Medium
FullName:Poppins Medium
MenuName:Poppins Medium
StyleBits:0
WritingScript:Roman
OutlineFileName:C:\var\www\domains\votre-garage-bois.fr\SOURCES\pack_maquette_VGB\Font\Poppins\Poppins-Medium.ttf
DataFormat:sfntData
hasSVG:no
VariableFontType:NonVariableFont
FileLength:156480
FileModTime:1607454079
WeightClass:500
WidthClass:5
AngleClass:0
NameArray:0,Win,1,Poppins Medium
NameArray:0,Win,16,Poppins
%EndFont

%BeginFont
Handler:DirectoryHandler
FontType:TrueType
FontName:Poppins-MediumItalic
FamilyName:Poppins
StyleName:Medium Italic
FullName:Poppins Medium Italic
MenuName:Poppins Medium
StyleBits:1
WritingScript:Roman
OutlineFileName:C:\var\www\domains\votre-garage-bois.fr\SOURCES\pack_maquette_VGB\Font\Poppins\Poppins-MediumItalic.ttf
DataFormat:sfntData
hasSVG:no
VariableFontType:NonVariableFont
FileLength:180412
FileModTime:1607454079
WeightClass:500
WidthClass:5
AngleClass:1
NameArray:0,Win,1,Poppins Medium
NameArray:0,Win,16,Poppins
%EndFont

%BeginFont
Handler:DirectoryHandler
FontType:TrueType
FontName:Poppins-Regular
FamilyName:Poppins
StyleName:Regular
FullName:Poppins Regular
MenuName:Poppins
StyleBits:0
WritingScript:Roman
OutlineFileName:C:\var\www\domains\votre-garage-bois.fr\SOURCES\pack_maquette_VGB\Font\Poppins\Poppins-Regular.ttf
DataFormat:sfntData
hasSVG:no
VariableFontType:NonVariableFont
FileLength:158192
FileModTime:1607454079
WeightClass:400
WidthClass:5
AngleClass:0
NameArray:0,Win,1,Poppins
%EndFont

%BeginFont
Handler:DirectoryHandler
FontType:TrueType
FontName:Poppins-SemiBold
FamilyName:Poppins
StyleName:SemiBold
FullName:Poppins SemiBold
MenuName:Poppins SemiBold
StyleBits:0
WritingScript:Roman
OutlineFileName:C:\var\www\domains\votre-garage-bois.fr\SOURCES\pack_maquette_VGB\Font\Poppins\Poppins-SemiBold.ttf
DataFormat:sfntData
hasSVG:no
VariableFontType:NonVariableFont
FileLength:155192
FileModTime:1607454079
WeightClass:600
WidthClass:5
AngleClass:0
NameArray:0,Win,1,Poppins SemiBold
NameArray:0,Win,16,Poppins
%EndFont

%BeginFont
Handler:DirectoryHandler
FontType:TrueType
FontName:Poppins-SemiBoldItalic
FamilyName:Poppins
StyleName:SemiBold Italic
FullName:Poppins SemiBold Italic
MenuName:Poppins SemiBold
StyleBits:1
WritingScript:Roman
OutlineFileName:C:\var\www\domains\votre-garage-bois.fr\SOURCES\pack_maquette_VGB\Font\Poppins\Poppins-SemiBoldItalic.ttf
DataFormat:sfntData
hasSVG:no
VariableFontType:NonVariableFont
FileLength:178548
FileModTime:1607454079
WeightClass:600
WidthClass:5
AngleClass:1
NameArray:0,Win,1,Poppins SemiBold
NameArray:0,Win,16,Poppins
%EndFont

%BeginFont
Handler:DirectoryHandler
FontType:TrueType
FontName:Poppins-Thin
FamilyName:Poppins
StyleName:Thin
FullName:Poppins Thin
MenuName:Poppins Thin
StyleBits:0
WritingScript:Roman
OutlineFileName:C:\var\www\domains\votre-garage-bois.fr\SOURCES\pack_maquette_VGB\Font\Poppins\Poppins-Thin.ttf
DataFormat:sfntData
hasSVG:no
VariableFontType:NonVariableFont
FileLength:161600
FileModTime:1607454079
WeightClass:250
WidthClass:5
AngleClass:0
NameArray:0,Win,1,Poppins Thin
NameArray:0,Win,16,Poppins
%EndFont

%BeginFont
Handler:DirectoryHandler
FontType:TrueType
FontName:Poppins-ThinItalic
FamilyName:Poppins
StyleName:Thin Italic
FullName:Poppins Thin Italic
MenuName:Poppins Thin
StyleBits:1
WritingScript:Roman
OutlineFileName:C:\var\www\domains\votre-garage-bois.fr\SOURCES\pack_maquette_VGB\Font\Poppins\Poppins-ThinItalic.ttf
DataFormat:sfntData
hasSVG:no
VariableFontType:NonVariableFont
FileLength:186992
FileModTime:1607454079
WeightClass:250
WidthClass:5
AngleClass:1
NameArray:0,Win,1,Poppins Thin
NameArray:0,Win,16,Poppins
%EndFont

